[2019-07-16T15:35:24.378] [TRACE] file - =======START=======
[2019-07-16T15:35:24.402] [TRACE] file - Inputs: 
[2019-07-16T15:35:24.403] [TRACE] file - [ Row {
    Date: '01/01/2015',
    From: 'Laura B',
    To: 'Sarah T',
    Narrative: 'Misc Morale',
    Amount: '10.54' },
  Row {
    Date: '04/01/2015',
    From: 'Stephen S',
    To: 'Gergana I',
    Narrative: 'Lunch',
    Amount: '3.22' },
  Row {
    Date: '07/01/2015',
    From: 'Ben B',
    To: 'Jon A',
    Narrative: 'Fantasy Football',
    Amount: '9.93' },
  Row {
    Date: '11/01/2015',
    From: 'Ben B',
    To: 'Todd',
    Narrative: 'Lunch',
    Amount: '7.33' },
  Row {
    Date: '12/01/2015',
    From: 'Laura B',
    To: 'Ben B',
    Narrative: 'Beers',
    Amount: '8.94' },
  Row {
    Date: '15/01/2015',
    From: 'Todd',
    To: 'Rob S',
    Narrative: 'Beers',
    Amount: '10.19' },
  Row {
    Date: '16/01/2015',
    From: 'Laura B',
    To: 'Jon A',
    Narrative: 'Lego Assistance',
    Amount: '0.69' },
  Row {
    Date: '18/01/2015',
    From: 'Jon A',
    To: 'Sarah T',
    Narrative: 'Coffee',
    Amount: '10.73' },
  Row {
    Date: '22/01/2015',
    From: 'Gergana I',
    To: 'Todd',
    Narrative: 'Coffee',
    Amount: '0.8' },
  Row {
    Date: '24/01/2015',
    From: 'Gergana I',
    To: 'Chris W',
    Narrative: 'Coffee',
    Amount: '8.49' },
  Row {
    Date: '27/01/2015',
    From: 'Laura B',
    To: 'Tim L',
    Narrative: 'Jenkins Fees',
    Amount: '0.52' },
  Row {
    Date: '29/01/2015',
    From: 'Sam N',
    To: 'Chris W',
    Narrative: 'Lunch',
    Amount: '9.01' },
  Row {
    Date: '01/02/2015',
    From: 'Stephen S',
    To: 'Laura B',
    Narrative: 'Coffee',
    Amount: '7.53' },
  Row {
    Date: '02/02/2015',
    From: 'Stephen S',
    To: 'Rob S',
    Narrative: 'Fantasy Football',
    Amount: '7.43' },
  Row {
    Date: '04/02/2015',
    From: 'Rob S',
    To: 'Stephen S',
    Narrative: 'Fantasy Football',
    Amount: '5.78' },
  Row {
    Date: '06/02/2015',
    From: 'Dan W',
    To: 'Gergana I',
    Narrative: 'Automated Testing Services',
    Amount: '10.29' },
  Row {
    Date: '07/02/2015',
    From: 'Jon A',
    To: 'Chris W',
    Narrative: 'Rails Consultancy',
    Amount: '7.37' },
  Row {
    Date: '10/02/2015',
    From: 'Sam N',
    To: 'Gergana I',
    Narrative: 'Sandbox Help',
    Amount: '9.84' },
  Row {
    Date: '11/02/2015',
    From: 'Chris W',
    To: 'Stephen S',
    Narrative: 'Misc Morale',
    Amount: '0.68' },
  Row {
    Date: '13/02/2015',
    From: 'Laura B',
    To: 'Gergana I',
    Narrative: 'Beers',
    Amount: '6.56' },
  Row {
    Date: '16/02/2015',
    From: 'Chris W',
    To: 'Dan W',
    Narrative: 'Jenkins Fees',
    Amount: '1.28' },
  Row {
    Date: '17/02/2015',
    From: 'Sarah T',
    To: 'Dan W',
    Narrative: 'Sandbox Help',
    Amount: '11.48' },
  Row {
    Date: '18/02/2015',
    From: 'Stephen S',
    To: 'Rob S',
    Narrative: 'Lego Assistance',
    Amount: '4.83' },
  Row {
    Date: '21/02/2015',
    From: 'Dan W',
    To: 'Ben B',
    Narrative: 'Pokemon Training',
    Amount: '0.5' },
  Row {
    Date: '24/02/2015',
    From: 'Todd',
    To: 'Gergana I',
    Narrative: 'Coffee',
    Amount: '9.08' },
  Row {
    Date: '26/02/2015',
    From: 'Stephen S',
    To: 'Jon A',
    Narrative: 'Pokemon Training',
    Amount: '4.23' },
  Row {
    Date: '01/03/2015',
    From: 'Ben B',
    To: 'Sam N',
    Narrative: 'Lunch',
    Amount: 'One Cheeseburger' },
  Row {
    Date: '02/03/2015',
    From: 'Todd',
    To: 'Chris W',
    Narrative: 'Sandbox Help',
    Amount: '1.92' },
  Row {
    Date: '04/03/2015',
    From: 'Laura B',
    To: 'Jon A',
    Narrative: 'Sandcastle Help',
    Amount: '9.09' },
  Row {
    Date: '06/03/2015',
    From: 'Stephen S',
    To: 'Gergana I',
    Narrative: 'Lego Assistance',
    Amount: '9.4' },
  Row {
    Date: '08/03/2015',
    From: 'Ben B',
    To: 'Sam N',
    Narrative: 'Pokemon Training',
    Amount: '11.32' },
  Row {
    Date: '11/03/2015',
    From: 'Stephen S',
    To: 'Jon A',
    Narrative: 'Sandcastle Help',
    Amount: '11.57' },
  Row {
    Date: '15/03/2015',
    From: 'Todd',
    To: 'Sam N',
    Narrative: 'Pokemon Training',
    Amount: '2.29' },
  Row {
    Date: '19/03/2015',
    From: 'Laura B',
    To: 'Chris W',
    Narrative: 'Coffee',
    Amount: '9.96' },
  Row {
    Date: '21/03/2015',
    From: 'Jon A',
    To: 'Gergana I',
    Narrative: 'Beers',
    Amount: '7.54' },
  Row {
    Date: '25/03/2015',
    From: 'Gergana I',
    To: 'Ben B',
    Narrative: 'Automated Testing Services',
    Amount: '2.39' },
  Row {
    Date: '28/03/2015',
    From: 'Stephen S',
    To: 'Tim L',
    Narrative: 'Lunch',
    Amount: '5.83' },
  Row {
    Date: '29/03/2015',
    From: 'Gergana I',
    To: 'Ben B',
    Narrative: 'Audit and Other Financial Services',
    Amount: '10.85' },
  Row {
    Date: '30/03/2015',
    From: 'Tim L',
    To: 'Todd',
    Narrative: 'Pokemon Training',
    Amount: '8.6' },
  Row {
    Date: '02/04/2015',
    From: 'Stephen S',
    To: 'Chris W',
    Narrative: 'Pokemon Training',
    Amount: '1.11' },
  Row {
    Date: '05/04/2015',
    From: 'Chris W',
    To: 'Ben B',
    Narrative: 'Lunch',
    Amount: '0.96' },
  Row {
    Date: '09/04/2015',
    From: 'Chris W',
    To: 'Rob S',
    Narrative: 'Audit and Other Financial Services',
    Amount: '11.79' },
  Row {
    Date: '12/04/2015',
    From: 'Gergana I',
    To: 'Laura B',
    Narrative: 'Stationary Items',
    Amount: '8.37' },
  Row {
    Date: '13/04/2015',
    From: 'Laura B',
    To: 'Tim L',
    Narrative: 'Services Rendered',
    Amount: '1.27' },
  Row {
    Date: '15/04/2015',
    From: 'Ben B',
    To: 'Sam N',
    Narrative: 'Lego Assistance',
    Amount: '8.5' },
  Row {
    Date: '19/04/2015',
    From: 'Stephen S',
    To: 'Chris W',
    Narrative: 'White Water Rafting',
    Amount: '8.91' },
  Row {
    Date: '23/04/2015',
    From: 'Tim L',
    To: 'Todd',
    Narrative: 'Misc Morale',
    Amount: '8.1' },
  Row {
    Date: '24/04/2015',
    From: 'Tim L',
    To: 'Sarah T',
    Narrative: 'Arcade Social',
    Amount: '6.38' },
  Row {
    Date: '26/04/2015',
    From: 'Jon A',
    To: 'Todd',
    Narrative: 'Stationary Items',
    Amount: '8.44' },
  Row {
    Date: '27/04/2015',
    From: 'Ben B',
    To: 'Jon A',
    Narrative: 'Pokemon Training',
    Amount: '10.91' },
  Row {
    Date: 'Last Thursday',
    From: 'Sarah T',
    To: 'Dan W',
    Narrative: 'Beers',
    Amount: '5.42' } ]
[2019-07-16T15:35:24.416] [ERROR] file - NaN        Should be a number, transaction was on 01/03/2015
[2019-07-16T15:35:24.420] [ERROR] file - NaN        Should be a number, transaction was on 01/03/2015
[2019-07-16T15:35:24.423] [ERROR] file - Invalid date        Should be a date, transaction was on Last Thursday
[2019-07-16T15:35:24.425] [ERROR] file - Invalid date        Should be a date, transaction was on Last Thursday
[2019-07-16T15:35:25.588] [TRACE] file - =======END=======
[2019-07-16T15:36:20.953] [TRACE] file - =======START=======
[2019-07-16T15:36:20.977] [TRACE] file - Inputs: 
[2019-07-16T15:36:20.978] [TRACE] file - [ Row {
    Date: '01/01/2015',
    From: 'Laura B',
    To: 'Sarah T',
    Narrative: 'Misc Morale',
    Amount: '10.54' },
  Row {
    Date: '04/01/2015',
    From: 'Stephen S',
    To: 'Gergana I',
    Narrative: 'Lunch',
    Amount: '3.22' },
  Row {
    Date: '07/01/2015',
    From: 'Ben B',
    To: 'Jon A',
    Narrative: 'Fantasy Football',
    Amount: '9.93' },
  Row {
    Date: '11/01/2015',
    From: 'Ben B',
    To: 'Todd',
    Narrative: 'Lunch',
    Amount: '7.33' },
  Row {
    Date: '12/01/2015',
    From: 'Laura B',
    To: 'Ben B',
    Narrative: 'Beers',
    Amount: '8.94' },
  Row {
    Date: '15/01/2015',
    From: 'Todd',
    To: 'Rob S',
    Narrative: 'Beers',
    Amount: '10.19' },
  Row {
    Date: '16/01/2015',
    From: 'Laura B',
    To: 'Jon A',
    Narrative: 'Lego Assistance',
    Amount: '0.69' },
  Row {
    Date: '18/01/2015',
    From: 'Jon A',
    To: 'Sarah T',
    Narrative: 'Coffee',
    Amount: '10.73' },
  Row {
    Date: '22/01/2015',
    From: 'Gergana I',
    To: 'Todd',
    Narrative: 'Coffee',
    Amount: '0.8' },
  Row {
    Date: '24/01/2015',
    From: 'Gergana I',
    To: 'Chris W',
    Narrative: 'Coffee',
    Amount: '8.49' },
  Row {
    Date: '27/01/2015',
    From: 'Laura B',
    To: 'Tim L',
    Narrative: 'Jenkins Fees',
    Amount: '0.52' },
  Row {
    Date: '29/01/2015',
    From: 'Sam N',
    To: 'Chris W',
    Narrative: 'Lunch',
    Amount: '9.01' },
  Row {
    Date: '01/02/2015',
    From: 'Stephen S',
    To: 'Laura B',
    Narrative: 'Coffee',
    Amount: '7.53' },
  Row {
    Date: '02/02/2015',
    From: 'Stephen S',
    To: 'Rob S',
    Narrative: 'Fantasy Football',
    Amount: '7.43' },
  Row {
    Date: '04/02/2015',
    From: 'Rob S',
    To: 'Stephen S',
    Narrative: 'Fantasy Football',
    Amount: '5.78' },
  Row {
    Date: '06/02/2015',
    From: 'Dan W',
    To: 'Gergana I',
    Narrative: 'Automated Testing Services',
    Amount: '10.29' },
  Row {
    Date: '07/02/2015',
    From: 'Jon A',
    To: 'Chris W',
    Narrative: 'Rails Consultancy',
    Amount: '7.37' },
  Row {
    Date: '10/02/2015',
    From: 'Sam N',
    To: 'Gergana I',
    Narrative: 'Sandbox Help',
    Amount: '9.84' },
  Row {
    Date: '11/02/2015',
    From: 'Chris W',
    To: 'Stephen S',
    Narrative: 'Misc Morale',
    Amount: '0.68' },
  Row {
    Date: '13/02/2015',
    From: 'Laura B',
    To: 'Gergana I',
    Narrative: 'Beers',
    Amount: '6.56' },
  Row {
    Date: '16/02/2015',
    From: 'Chris W',
    To: 'Dan W',
    Narrative: 'Jenkins Fees',
    Amount: '1.28' },
  Row {
    Date: '17/02/2015',
    From: 'Sarah T',
    To: 'Dan W',
    Narrative: 'Sandbox Help',
    Amount: '11.48' },
  Row {
    Date: '18/02/2015',
    From: 'Stephen S',
    To: 'Rob S',
    Narrative: 'Lego Assistance',
    Amount: '4.83' },
  Row {
    Date: '21/02/2015',
    From: 'Dan W',
    To: 'Ben B',
    Narrative: 'Pokemon Training',
    Amount: '0.5' },
  Row {
    Date: '24/02/2015',
    From: 'Todd',
    To: 'Gergana I',
    Narrative: 'Coffee',
    Amount: '9.08' },
  Row {
    Date: '26/02/2015',
    From: 'Stephen S',
    To: 'Jon A',
    Narrative: 'Pokemon Training',
    Amount: '4.23' },
  Row {
    Date: '01/03/2015',
    From: 'Ben B',
    To: 'Sam N',
    Narrative: 'Lunch',
    Amount: 'One Cheeseburger' },
  Row {
    Date: '02/03/2015',
    From: 'Todd',
    To: 'Chris W',
    Narrative: 'Sandbox Help',
    Amount: '1.92' },
  Row {
    Date: '04/03/2015',
    From: 'Laura B',
    To: 'Jon A',
    Narrative: 'Sandcastle Help',
    Amount: '9.09' },
  Row {
    Date: '06/03/2015',
    From: 'Stephen S',
    To: 'Gergana I',
    Narrative: 'Lego Assistance',
    Amount: '9.4' },
  Row {
    Date: '08/03/2015',
    From: 'Ben B',
    To: 'Sam N',
    Narrative: 'Pokemon Training',
    Amount: '11.32' },
  Row {
    Date: '11/03/2015',
    From: 'Stephen S',
    To: 'Jon A',
    Narrative: 'Sandcastle Help',
    Amount: '11.57' },
  Row {
    Date: '15/03/2015',
    From: 'Todd',
    To: 'Sam N',
    Narrative: 'Pokemon Training',
    Amount: '2.29' },
  Row {
    Date: '19/03/2015',
    From: 'Laura B',
    To: 'Chris W',
    Narrative: 'Coffee',
    Amount: '9.96' },
  Row {
    Date: '21/03/2015',
    From: 'Jon A',
    To: 'Gergana I',
    Narrative: 'Beers',
    Amount: '7.54' },
  Row {
    Date: '25/03/2015',
    From: 'Gergana I',
    To: 'Ben B',
    Narrative: 'Automated Testing Services',
    Amount: '2.39' },
  Row {
    Date: '28/03/2015',
    From: 'Stephen S',
    To: 'Tim L',
    Narrative: 'Lunch',
    Amount: '5.83' },
  Row {
    Date: '29/03/2015',
    From: 'Gergana I',
    To: 'Ben B',
    Narrative: 'Audit and Other Financial Services',
    Amount: '10.85' },
  Row {
    Date: '30/03/2015',
    From: 'Tim L',
    To: 'Todd',
    Narrative: 'Pokemon Training',
    Amount: '8.6' },
  Row {
    Date: '02/04/2015',
    From: 'Stephen S',
    To: 'Chris W',
    Narrative: 'Pokemon Training',
    Amount: '1.11' },
  Row {
    Date: '05/04/2015',
    From: 'Chris W',
    To: 'Ben B',
    Narrative: 'Lunch',
    Amount: '0.96' },
  Row {
    Date: '09/04/2015',
    From: 'Chris W',
    To: 'Rob S',
    Narrative: 'Audit and Other Financial Services',
    Amount: '11.79' },
  Row {
    Date: '12/04/2015',
    From: 'Gergana I',
    To: 'Laura B',
    Narrative: 'Stationary Items',
    Amount: '8.37' },
  Row {
    Date: '13/04/2015',
    From: 'Laura B',
    To: 'Tim L',
    Narrative: 'Services Rendered',
    Amount: '1.27' },
  Row {
    Date: '15/04/2015',
    From: 'Ben B',
    To: 'Sam N',
    Narrative: 'Lego Assistance',
    Amount: '8.5' },
  Row {
    Date: '19/04/2015',
    From: 'Stephen S',
    To: 'Chris W',
    Narrative: 'White Water Rafting',
    Amount: '8.91' },
  Row {
    Date: '23/04/2015',
    From: 'Tim L',
    To: 'Todd',
    Narrative: 'Misc Morale',
    Amount: '8.1' },
  Row {
    Date: '24/04/2015',
    From: 'Tim L',
    To: 'Sarah T',
    Narrative: 'Arcade Social',
    Amount: '6.38' },
  Row {
    Date: '26/04/2015',
    From: 'Jon A',
    To: 'Todd',
    Narrative: 'Stationary Items',
    Amount: '8.44' },
  Row {
    Date: '27/04/2015',
    From: 'Ben B',
    To: 'Jon A',
    Narrative: 'Pokemon Training',
    Amount: '10.91' },
  Row {
    Date: 'Last Thursday',
    From: 'Sarah T',
    To: 'Dan W',
    Narrative: 'Beers',
    Amount: '5.42' } ]
[2019-07-16T15:36:20.990] [ERROR] file - NaN        Should be a number, transaction was on 01/03/2015
[2019-07-16T15:36:20.995] [ERROR] file - NaN        Should be a number, transaction was on 01/03/2015
[2019-07-16T15:36:20.997] [ERROR] file - Invalid date        Should be a date, transaction was on Last Thursday
[2019-07-16T15:36:21.000] [ERROR] file - Invalid date        Should be a date, transaction was on Last Thursday
[2019-07-16T15:36:21.662] [TRACE] file - =======END=======
[2019-07-16T15:36:52.171] [TRACE] file - =======START=======
[2019-07-16T15:36:52.196] [TRACE] file - Inputs: 
[2019-07-16T15:36:52.197] [TRACE] file - [ Row {
    Date: '01/01/2015',
    From: 'Laura B',
    To: 'Sarah T',
    Narrative: 'Misc Morale',
    Amount: '10.54' },
  Row {
    Date: '04/01/2015',
    From: 'Stephen S',
    To: 'Gergana I',
    Narrative: 'Lunch',
    Amount: '3.22' },
  Row {
    Date: '07/01/2015',
    From: 'Ben B',
    To: 'Jon A',
    Narrative: 'Fantasy Football',
    Amount: '9.93' },
  Row {
    Date: '11/01/2015',
    From: 'Ben B',
    To: 'Todd',
    Narrative: 'Lunch',
    Amount: '7.33' },
  Row {
    Date: '12/01/2015',
    From: 'Laura B',
    To: 'Ben B',
    Narrative: 'Beers',
    Amount: '8.94' },
  Row {
    Date: '15/01/2015',
    From: 'Todd',
    To: 'Rob S',
    Narrative: 'Beers',
    Amount: '10.19' },
  Row {
    Date: '16/01/2015',
    From: 'Laura B',
    To: 'Jon A',
    Narrative: 'Lego Assistance',
    Amount: '0.69' },
  Row {
    Date: '18/01/2015',
    From: 'Jon A',
    To: 'Sarah T',
    Narrative: 'Coffee',
    Amount: '10.73' },
  Row {
    Date: '22/01/2015',
    From: 'Gergana I',
    To: 'Todd',
    Narrative: 'Coffee',
    Amount: '0.8' },
  Row {
    Date: '24/01/2015',
    From: 'Gergana I',
    To: 'Chris W',
    Narrative: 'Coffee',
    Amount: '8.49' },
  Row {
    Date: '27/01/2015',
    From: 'Laura B',
    To: 'Tim L',
    Narrative: 'Jenkins Fees',
    Amount: '0.52' },
  Row {
    Date: '29/01/2015',
    From: 'Sam N',
    To: 'Chris W',
    Narrative: 'Lunch',
    Amount: '9.01' },
  Row {
    Date: '01/02/2015',
    From: 'Stephen S',
    To: 'Laura B',
    Narrative: 'Coffee',
    Amount: '7.53' },
  Row {
    Date: '02/02/2015',
    From: 'Stephen S',
    To: 'Rob S',
    Narrative: 'Fantasy Football',
    Amount: '7.43' },
  Row {
    Date: '04/02/2015',
    From: 'Rob S',
    To: 'Stephen S',
    Narrative: 'Fantasy Football',
    Amount: '5.78' },
  Row {
    Date: '06/02/2015',
    From: 'Dan W',
    To: 'Gergana I',
    Narrative: 'Automated Testing Services',
    Amount: '10.29' },
  Row {
    Date: '07/02/2015',
    From: 'Jon A',
    To: 'Chris W',
    Narrative: 'Rails Consultancy',
    Amount: '7.37' },
  Row {
    Date: '10/02/2015',
    From: 'Sam N',
    To: 'Gergana I',
    Narrative: 'Sandbox Help',
    Amount: '9.84' },
  Row {
    Date: '11/02/2015',
    From: 'Chris W',
    To: 'Stephen S',
    Narrative: 'Misc Morale',
    Amount: '0.68' },
  Row {
    Date: '13/02/2015',
    From: 'Laura B',
    To: 'Gergana I',
    Narrative: 'Beers',
    Amount: '6.56' },
  Row {
    Date: '16/02/2015',
    From: 'Chris W',
    To: 'Dan W',
    Narrative: 'Jenkins Fees',
    Amount: '1.28' },
  Row {
    Date: '17/02/2015',
    From: 'Sarah T',
    To: 'Dan W',
    Narrative: 'Sandbox Help',
    Amount: '11.48' },
  Row {
    Date: '18/02/2015',
    From: 'Stephen S',
    To: 'Rob S',
    Narrative: 'Lego Assistance',
    Amount: '4.83' },
  Row {
    Date: '21/02/2015',
    From: 'Dan W',
    To: 'Ben B',
    Narrative: 'Pokemon Training',
    Amount: '0.5' },
  Row {
    Date: '24/02/2015',
    From: 'Todd',
    To: 'Gergana I',
    Narrative: 'Coffee',
    Amount: '9.08' },
  Row {
    Date: '26/02/2015',
    From: 'Stephen S',
    To: 'Jon A',
    Narrative: 'Pokemon Training',
    Amount: '4.23' },
  Row {
    Date: '01/03/2015',
    From: 'Ben B',
    To: 'Sam N',
    Narrative: 'Lunch',
    Amount: 'One Cheeseburger' },
  Row {
    Date: '02/03/2015',
    From: 'Todd',
    To: 'Chris W',
    Narrative: 'Sandbox Help',
    Amount: '1.92' },
  Row {
    Date: '04/03/2015',
    From: 'Laura B',
    To: 'Jon A',
    Narrative: 'Sandcastle Help',
    Amount: '9.09' },
  Row {
    Date: '06/03/2015',
    From: 'Stephen S',
    To: 'Gergana I',
    Narrative: 'Lego Assistance',
    Amount: '9.4' },
  Row {
    Date: '08/03/2015',
    From: 'Ben B',
    To: 'Sam N',
    Narrative: 'Pokemon Training',
    Amount: '11.32' },
  Row {
    Date: '11/03/2015',
    From: 'Stephen S',
    To: 'Jon A',
    Narrative: 'Sandcastle Help',
    Amount: '11.57' },
  Row {
    Date: '15/03/2015',
    From: 'Todd',
    To: 'Sam N',
    Narrative: 'Pokemon Training',
    Amount: '2.29' },
  Row {
    Date: '19/03/2015',
    From: 'Laura B',
    To: 'Chris W',
    Narrative: 'Coffee',
    Amount: '9.96' },
  Row {
    Date: '21/03/2015',
    From: 'Jon A',
    To: 'Gergana I',
    Narrative: 'Beers',
    Amount: '7.54' },
  Row {
    Date: '25/03/2015',
    From: 'Gergana I',
    To: 'Ben B',
    Narrative: 'Automated Testing Services',
    Amount: '2.39' },
  Row {
    Date: '28/03/2015',
    From: 'Stephen S',
    To: 'Tim L',
    Narrative: 'Lunch',
    Amount: '5.83' },
  Row {
    Date: '29/03/2015',
    From: 'Gergana I',
    To: 'Ben B',
    Narrative: 'Audit and Other Financial Services',
    Amount: '10.85' },
  Row {
    Date: '30/03/2015',
    From: 'Tim L',
    To: 'Todd',
    Narrative: 'Pokemon Training',
    Amount: '8.6' },
  Row {
    Date: '02/04/2015',
    From: 'Stephen S',
    To: 'Chris W',
    Narrative: 'Pokemon Training',
    Amount: '1.11' },
  Row {
    Date: '05/04/2015',
    From: 'Chris W',
    To: 'Ben B',
    Narrative: 'Lunch',
    Amount: '0.96' },
  Row {
    Date: '09/04/2015',
    From: 'Chris W',
    To: 'Rob S',
    Narrative: 'Audit and Other Financial Services',
    Amount: '11.79' },
  Row {
    Date: '12/04/2015',
    From: 'Gergana I',
    To: 'Laura B',
    Narrative: 'Stationary Items',
    Amount: '8.37' },
  Row {
    Date: '13/04/2015',
    From: 'Laura B',
    To: 'Tim L',
    Narrative: 'Services Rendered',
    Amount: '1.27' },
  Row {
    Date: '15/04/2015',
    From: 'Ben B',
    To: 'Sam N',
    Narrative: 'Lego Assistance',
    Amount: '8.5' },
  Row {
    Date: '19/04/2015',
    From: 'Stephen S',
    To: 'Chris W',
    Narrative: 'White Water Rafting',
    Amount: '8.91' },
  Row {
    Date: '23/04/2015',
    From: 'Tim L',
    To: 'Todd',
    Narrative: 'Misc Morale',
    Amount: '8.1' },
  Row {
    Date: '24/04/2015',
    From: 'Tim L',
    To: 'Sarah T',
    Narrative: 'Arcade Social',
    Amount: '6.38' },
  Row {
    Date: '26/04/2015',
    From: 'Jon A',
    To: 'Todd',
    Narrative: 'Stationary Items',
    Amount: '8.44' },
  Row {
    Date: '27/04/2015',
    From: 'Ben B',
    To: 'Jon A',
    Narrative: 'Pokemon Training',
    Amount: '10.91' },
  Row {
    Date: 'Last Thursday',
    From: 'Sarah T',
    To: 'Dan W',
    Narrative: 'Beers',
    Amount: '5.42' } ]
[2019-07-16T15:36:52.209] [ERROR] file - NaN        Should be a number, transaction was on 01/03/2015
[2019-07-16T15:36:52.213] [ERROR] file - NaN        Should be a number, transaction was on 01/03/2015
[2019-07-16T15:36:52.216] [ERROR] file - Invalid date        Should be a date, transaction was on Last Thursday
[2019-07-16T15:36:52.220] [ERROR] file - Invalid date        Should be a date, transaction was on Last Thursday
[2019-07-16T15:36:54.570] [TRACE] file - =======END=======
[2019-07-16T15:37:10.662] [TRACE] file - =======START=======
[2019-07-16T15:37:10.686] [TRACE] file - Inputs: 
[2019-07-16T15:37:10.688] [TRACE] file - [ Row {
    Date: '01/01/2015',
    From: 'Laura B',
    To: 'Sarah T',
    Narrative: 'Misc Morale',
    Amount: '10.54' },
  Row {
    Date: '04/01/2015',
    From: 'Stephen S',
    To: 'Gergana I',
    Narrative: 'Lunch',
    Amount: '3.22' },
  Row {
    Date: '07/01/2015',
    From: 'Ben B',
    To: 'Jon A',
    Narrative: 'Fantasy Football',
    Amount: '9.93' },
  Row {
    Date: '11/01/2015',
    From: 'Ben B',
    To: 'Todd',
    Narrative: 'Lunch',
    Amount: '7.33' },
  Row {
    Date: '12/01/2015',
    From: 'Laura B',
    To: 'Ben B',
    Narrative: 'Beers',
    Amount: '8.94' },
  Row {
    Date: '15/01/2015',
    From: 'Todd',
    To: 'Rob S',
    Narrative: 'Beers',
    Amount: '10.19' },
  Row {
    Date: '16/01/2015',
    From: 'Laura B',
    To: 'Jon A',
    Narrative: 'Lego Assistance',
    Amount: '0.69' },
  Row {
    Date: '18/01/2015',
    From: 'Jon A',
    To: 'Sarah T',
    Narrative: 'Coffee',
    Amount: '10.73' },
  Row {
    Date: '22/01/2015',
    From: 'Gergana I',
    To: 'Todd',
    Narrative: 'Coffee',
    Amount: '0.8' },
  Row {
    Date: '24/01/2015',
    From: 'Gergana I',
    To: 'Chris W',
    Narrative: 'Coffee',
    Amount: '8.49' },
  Row {
    Date: '27/01/2015',
    From: 'Laura B',
    To: 'Tim L',
    Narrative: 'Jenkins Fees',
    Amount: '0.52' },
  Row {
    Date: '29/01/2015',
    From: 'Sam N',
    To: 'Chris W',
    Narrative: 'Lunch',
    Amount: '9.01' },
  Row {
    Date: '01/02/2015',
    From: 'Stephen S',
    To: 'Laura B',
    Narrative: 'Coffee',
    Amount: '7.53' },
  Row {
    Date: '02/02/2015',
    From: 'Stephen S',
    To: 'Rob S',
    Narrative: 'Fantasy Football',
    Amount: '7.43' },
  Row {
    Date: '04/02/2015',
    From: 'Rob S',
    To: 'Stephen S',
    Narrative: 'Fantasy Football',
    Amount: '5.78' },
  Row {
    Date: '06/02/2015',
    From: 'Dan W',
    To: 'Gergana I',
    Narrative: 'Automated Testing Services',
    Amount: '10.29' },
  Row {
    Date: '07/02/2015',
    From: 'Jon A',
    To: 'Chris W',
    Narrative: 'Rails Consultancy',
    Amount: '7.37' },
  Row {
    Date: '10/02/2015',
    From: 'Sam N',
    To: 'Gergana I',
    Narrative: 'Sandbox Help',
    Amount: '9.84' },
  Row {
    Date: '11/02/2015',
    From: 'Chris W',
    To: 'Stephen S',
    Narrative: 'Misc Morale',
    Amount: '0.68' },
  Row {
    Date: '13/02/2015',
    From: 'Laura B',
    To: 'Gergana I',
    Narrative: 'Beers',
    Amount: '6.56' },
  Row {
    Date: '16/02/2015',
    From: 'Chris W',
    To: 'Dan W',
    Narrative: 'Jenkins Fees',
    Amount: '1.28' },
  Row {
    Date: '17/02/2015',
    From: 'Sarah T',
    To: 'Dan W',
    Narrative: 'Sandbox Help',
    Amount: '11.48' },
  Row {
    Date: '18/02/2015',
    From: 'Stephen S',
    To: 'Rob S',
    Narrative: 'Lego Assistance',
    Amount: '4.83' },
  Row {
    Date: '21/02/2015',
    From: 'Dan W',
    To: 'Ben B',
    Narrative: 'Pokemon Training',
    Amount: '0.5' },
  Row {
    Date: '24/02/2015',
    From: 'Todd',
    To: 'Gergana I',
    Narrative: 'Coffee',
    Amount: '9.08' },
  Row {
    Date: '26/02/2015',
    From: 'Stephen S',
    To: 'Jon A',
    Narrative: 'Pokemon Training',
    Amount: '4.23' },
  Row {
    Date: '01/03/2015',
    From: 'Ben B',
    To: 'Sam N',
    Narrative: 'Lunch',
    Amount: 'One Cheeseburger' },
  Row {
    Date: '02/03/2015',
    From: 'Todd',
    To: 'Chris W',
    Narrative: 'Sandbox Help',
    Amount: '1.92' },
  Row {
    Date: '04/03/2015',
    From: 'Laura B',
    To: 'Jon A',
    Narrative: 'Sandcastle Help',
    Amount: '9.09' },
  Row {
    Date: '06/03/2015',
    From: 'Stephen S',
    To: 'Gergana I',
    Narrative: 'Lego Assistance',
    Amount: '9.4' },
  Row {
    Date: '08/03/2015',
    From: 'Ben B',
    To: 'Sam N',
    Narrative: 'Pokemon Training',
    Amount: '11.32' },
  Row {
    Date: '11/03/2015',
    From: 'Stephen S',
    To: 'Jon A',
    Narrative: 'Sandcastle Help',
    Amount: '11.57' },
  Row {
    Date: '15/03/2015',
    From: 'Todd',
    To: 'Sam N',
    Narrative: 'Pokemon Training',
    Amount: '2.29' },
  Row {
    Date: '19/03/2015',
    From: 'Laura B',
    To: 'Chris W',
    Narrative: 'Coffee',
    Amount: '9.96' },
  Row {
    Date: '21/03/2015',
    From: 'Jon A',
    To: 'Gergana I',
    Narrative: 'Beers',
    Amount: '7.54' },
  Row {
    Date: '25/03/2015',
    From: 'Gergana I',
    To: 'Ben B',
    Narrative: 'Automated Testing Services',
    Amount: '2.39' },
  Row {
    Date: '28/03/2015',
    From: 'Stephen S',
    To: 'Tim L',
    Narrative: 'Lunch',
    Amount: '5.83' },
  Row {
    Date: '29/03/2015',
    From: 'Gergana I',
    To: 'Ben B',
    Narrative: 'Audit and Other Financial Services',
    Amount: '10.85' },
  Row {
    Date: '30/03/2015',
    From: 'Tim L',
    To: 'Todd',
    Narrative: 'Pokemon Training',
    Amount: '8.6' },
  Row {
    Date: '02/04/2015',
    From: 'Stephen S',
    To: 'Chris W',
    Narrative: 'Pokemon Training',
    Amount: '1.11' },
  Row {
    Date: '05/04/2015',
    From: 'Chris W',
    To: 'Ben B',
    Narrative: 'Lunch',
    Amount: '0.96' },
  Row {
    Date: '09/04/2015',
    From: 'Chris W',
    To: 'Rob S',
    Narrative: 'Audit and Other Financial Services',
    Amount: '11.79' },
  Row {
    Date: '12/04/2015',
    From: 'Gergana I',
    To: 'Laura B',
    Narrative: 'Stationary Items',
    Amount: '8.37' },
  Row {
    Date: '13/04/2015',
    From: 'Laura B',
    To: 'Tim L',
    Narrative: 'Services Rendered',
    Amount: '1.27' },
  Row {
    Date: '15/04/2015',
    From: 'Ben B',
    To: 'Sam N',
    Narrative: 'Lego Assistance',
    Amount: '8.5' },
  Row {
    Date: '19/04/2015',
    From: 'Stephen S',
    To: 'Chris W',
    Narrative: 'White Water Rafting',
    Amount: '8.91' },
  Row {
    Date: '23/04/2015',
    From: 'Tim L',
    To: 'Todd',
    Narrative: 'Misc Morale',
    Amount: '8.1' },
  Row {
    Date: '24/04/2015',
    From: 'Tim L',
    To: 'Sarah T',
    Narrative: 'Arcade Social',
    Amount: '6.38' },
  Row {
    Date: '26/04/2015',
    From: 'Jon A',
    To: 'Todd',
    Narrative: 'Stationary Items',
    Amount: '8.44' },
  Row {
    Date: '27/04/2015',
    From: 'Ben B',
    To: 'Jon A',
    Narrative: 'Pokemon Training',
    Amount: '10.91' },
  Row {
    Date: 'Last Thursday',
    From: 'Sarah T',
    To: 'Dan W',
    Narrative: 'Beers',
    Amount: '5.42' } ]
[2019-07-16T15:37:10.700] [ERROR] file - NaN        Should be a number, transaction was on 01/03/2015
[2019-07-16T15:37:10.706] [ERROR] file - NaN        Should be a number, transaction was on 01/03/2015
[2019-07-16T15:37:10.726] [ERROR] file - Invalid date        Should be a date, transaction was on Last Thursday
[2019-07-16T15:37:10.729] [ERROR] file - Invalid date        Should be a date, transaction was on Last Thursday
[2019-07-16T15:37:12.193] [TRACE] file - =======END=======
[2019-07-16T15:38:14.412] [TRACE] file - =======START=======
[2019-07-16T15:38:14.435] [TRACE] file - Inputs: 
[2019-07-16T15:38:14.436] [TRACE] file - [ Row {
    Date: '01/01/2015',
    From: 'Laura B',
    To: 'Sarah T',
    Narrative: 'Misc Morale',
    Amount: '10.54' },
  Row {
    Date: '04/01/2015',
    From: 'Stephen S',
    To: 'Gergana I',
    Narrative: 'Lunch',
    Amount: '3.22' },
  Row {
    Date: '07/01/2015',
    From: 'Ben B',
    To: 'Jon A',
    Narrative: 'Fantasy Football',
    Amount: '9.93' },
  Row {
    Date: '11/01/2015',
    From: 'Ben B',
    To: 'Todd',
    Narrative: 'Lunch',
    Amount: '7.33' },
  Row {
    Date: '12/01/2015',
    From: 'Laura B',
    To: 'Ben B',
    Narrative: 'Beers',
    Amount: '8.94' },
  Row {
    Date: '15/01/2015',
    From: 'Todd',
    To: 'Rob S',
    Narrative: 'Beers',
    Amount: '10.19' },
  Row {
    Date: '16/01/2015',
    From: 'Laura B',
    To: 'Jon A',
    Narrative: 'Lego Assistance',
    Amount: '0.69' },
  Row {
    Date: '18/01/2015',
    From: 'Jon A',
    To: 'Sarah T',
    Narrative: 'Coffee',
    Amount: '10.73' },
  Row {
    Date: '22/01/2015',
    From: 'Gergana I',
    To: 'Todd',
    Narrative: 'Coffee',
    Amount: '0.8' },
  Row {
    Date: '24/01/2015',
    From: 'Gergana I',
    To: 'Chris W',
    Narrative: 'Coffee',
    Amount: '8.49' },
  Row {
    Date: '27/01/2015',
    From: 'Laura B',
    To: 'Tim L',
    Narrative: 'Jenkins Fees',
    Amount: '0.52' },
  Row {
    Date: '29/01/2015',
    From: 'Sam N',
    To: 'Chris W',
    Narrative: 'Lunch',
    Amount: '9.01' },
  Row {
    Date: '01/02/2015',
    From: 'Stephen S',
    To: 'Laura B',
    Narrative: 'Coffee',
    Amount: '7.53' },
  Row {
    Date: '02/02/2015',
    From: 'Stephen S',
    To: 'Rob S',
    Narrative: 'Fantasy Football',
    Amount: '7.43' },
  Row {
    Date: '04/02/2015',
    From: 'Rob S',
    To: 'Stephen S',
    Narrative: 'Fantasy Football',
    Amount: '5.78' },
  Row {
    Date: '06/02/2015',
    From: 'Dan W',
    To: 'Gergana I',
    Narrative: 'Automated Testing Services',
    Amount: '10.29' },
  Row {
    Date: '07/02/2015',
    From: 'Jon A',
    To: 'Chris W',
    Narrative: 'Rails Consultancy',
    Amount: '7.37' },
  Row {
    Date: '10/02/2015',
    From: 'Sam N',
    To: 'Gergana I',
    Narrative: 'Sandbox Help',
    Amount: '9.84' },
  Row {
    Date: '11/02/2015',
    From: 'Chris W',
    To: 'Stephen S',
    Narrative: 'Misc Morale',
    Amount: '0.68' },
  Row {
    Date: '13/02/2015',
    From: 'Laura B',
    To: 'Gergana I',
    Narrative: 'Beers',
    Amount: '6.56' },
  Row {
    Date: '16/02/2015',
    From: 'Chris W',
    To: 'Dan W',
    Narrative: 'Jenkins Fees',
    Amount: '1.28' },
  Row {
    Date: '17/02/2015',
    From: 'Sarah T',
    To: 'Dan W',
    Narrative: 'Sandbox Help',
    Amount: '11.48' },
  Row {
    Date: '18/02/2015',
    From: 'Stephen S',
    To: 'Rob S',
    Narrative: 'Lego Assistance',
    Amount: '4.83' },
  Row {
    Date: '21/02/2015',
    From: 'Dan W',
    To: 'Ben B',
    Narrative: 'Pokemon Training',
    Amount: '0.5' },
  Row {
    Date: '24/02/2015',
    From: 'Todd',
    To: 'Gergana I',
    Narrative: 'Coffee',
    Amount: '9.08' },
  Row {
    Date: '26/02/2015',
    From: 'Stephen S',
    To: 'Jon A',
    Narrative: 'Pokemon Training',
    Amount: '4.23' },
  Row {
    Date: '01/03/2015',
    From: 'Ben B',
    To: 'Sam N',
    Narrative: 'Lunch',
    Amount: 'One Cheeseburger' },
  Row {
    Date: '02/03/2015',
    From: 'Todd',
    To: 'Chris W',
    Narrative: 'Sandbox Help',
    Amount: '1.92' },
  Row {
    Date: '04/03/2015',
    From: 'Laura B',
    To: 'Jon A',
    Narrative: 'Sandcastle Help',
    Amount: '9.09' },
  Row {
    Date: '06/03/2015',
    From: 'Stephen S',
    To: 'Gergana I',
    Narrative: 'Lego Assistance',
    Amount: '9.4' },
  Row {
    Date: '08/03/2015',
    From: 'Ben B',
    To: 'Sam N',
    Narrative: 'Pokemon Training',
    Amount: '11.32' },
  Row {
    Date: '11/03/2015',
    From: 'Stephen S',
    To: 'Jon A',
    Narrative: 'Sandcastle Help',
    Amount: '11.57' },
  Row {
    Date: '15/03/2015',
    From: 'Todd',
    To: 'Sam N',
    Narrative: 'Pokemon Training',
    Amount: '2.29' },
  Row {
    Date: '19/03/2015',
    From: 'Laura B',
    To: 'Chris W',
    Narrative: 'Coffee',
    Amount: '9.96' },
  Row {
    Date: '21/03/2015',
    From: 'Jon A',
    To: 'Gergana I',
    Narrative: 'Beers',
    Amount: '7.54' },
  Row {
    Date: '25/03/2015',
    From: 'Gergana I',
    To: 'Ben B',
    Narrative: 'Automated Testing Services',
    Amount: '2.39' },
  Row {
    Date: '28/03/2015',
    From: 'Stephen S',
    To: 'Tim L',
    Narrative: 'Lunch',
    Amount: '5.83' },
  Row {
    Date: '29/03/2015',
    From: 'Gergana I',
    To: 'Ben B',
    Narrative: 'Audit and Other Financial Services',
    Amount: '10.85' },
  Row {
    Date: '30/03/2015',
    From: 'Tim L',
    To: 'Todd',
    Narrative: 'Pokemon Training',
    Amount: '8.6' },
  Row {
    Date: '02/04/2015',
    From: 'Stephen S',
    To: 'Chris W',
    Narrative: 'Pokemon Training',
    Amount: '1.11' },
  Row {
    Date: '05/04/2015',
    From: 'Chris W',
    To: 'Ben B',
    Narrative: 'Lunch',
    Amount: '0.96' },
  Row {
    Date: '09/04/2015',
    From: 'Chris W',
    To: 'Rob S',
    Narrative: 'Audit and Other Financial Services',
    Amount: '11.79' },
  Row {
    Date: '12/04/2015',
    From: 'Gergana I',
    To: 'Laura B',
    Narrative: 'Stationary Items',
    Amount: '8.37' },
  Row {
    Date: '13/04/2015',
    From: 'Laura B',
    To: 'Tim L',
    Narrative: 'Services Rendered',
    Amount: '1.27' },
  Row {
    Date: '15/04/2015',
    From: 'Ben B',
    To: 'Sam N',
    Narrative: 'Lego Assistance',
    Amount: '8.5' },
  Row {
    Date: '19/04/2015',
    From: 'Stephen S',
    To: 'Chris W',
    Narrative: 'White Water Rafting',
    Amount: '8.91' },
  Row {
    Date: '23/04/2015',
    From: 'Tim L',
    To: 'Todd',
    Narrative: 'Misc Morale',
    Amount: '8.1' },
  Row {
    Date: '24/04/2015',
    From: 'Tim L',
    To: 'Sarah T',
    Narrative: 'Arcade Social',
    Amount: '6.38' },
  Row {
    Date: '26/04/2015',
    From: 'Jon A',
    To: 'Todd',
    Narrative: 'Stationary Items',
    Amount: '8.44' },
  Row {
    Date: '27/04/2015',
    From: 'Ben B',
    To: 'Jon A',
    Narrative: 'Pokemon Training',
    Amount: '10.91' },
  Row {
    Date: 'Last Thursday',
    From: 'Sarah T',
    To: 'Dan W',
    Narrative: 'Beers',
    Amount: '5.42' } ]
[2019-07-16T15:38:14.448] [ERROR] file - NaN        Should be a number, transaction was on 01/03/2015
[2019-07-16T15:38:14.449] [ERROR] file - 26 this entry was in error so was ignored
[2019-07-16T15:38:14.454] [ERROR] file - NaN        Should be a number, transaction was on 01/03/2015
[2019-07-16T15:38:14.455] [ERROR] file - 26 this entry was in error so was ignored
[2019-07-16T15:38:14.458] [ERROR] file - Invalid date        Should be a date, transaction was on Last Thursday
[2019-07-16T15:38:14.459] [ERROR] file - 50 this entry was in error so was ignored
[2019-07-16T15:38:14.461] [ERROR] file - Invalid date        Should be a date, transaction was on Last Thursday
[2019-07-16T15:38:14.462] [ERROR] file - 50 this entry was in error so was ignored
[2019-07-16T15:38:15.291] [TRACE] file - =======END=======
[2019-07-16T15:47:24.763] [TRACE] file - =======START=======
[2019-07-16T15:47:24.787] [TRACE] file - Inputs: 
[2019-07-16T15:47:24.788] [TRACE] file - [ Row {
    Date: '01/01/2015',
    From: 'Laura B',
    To: 'Sarah T',
    Narrative: 'Misc Morale',
    Amount: '10.54' },
  Row {
    Date: '04/01/2015',
    From: 'Stephen S',
    To: 'Gergana I',
    Narrative: 'Lunch',
    Amount: '3.22' },
  Row {
    Date: '07/01/2015',
    From: 'Ben B',
    To: 'Jon A',
    Narrative: 'Fantasy Football',
    Amount: '9.93' },
  Row {
    Date: '11/01/2015',
    From: 'Ben B',
    To: 'Todd',
    Narrative: 'Lunch',
    Amount: '7.33' },
  Row {
    Date: '12/01/2015',
    From: 'Laura B',
    To: 'Ben B',
    Narrative: 'Beers',
    Amount: '8.94' },
  Row {
    Date: '15/01/2015',
    From: 'Todd',
    To: 'Rob S',
    Narrative: 'Beers',
    Amount: '10.19' },
  Row {
    Date: '16/01/2015',
    From: 'Laura B',
    To: 'Jon A',
    Narrative: 'Lego Assistance',
    Amount: '0.69' },
  Row {
    Date: '18/01/2015',
    From: 'Jon A',
    To: 'Sarah T',
    Narrative: 'Coffee',
    Amount: '10.73' },
  Row {
    Date: '22/01/2015',
    From: 'Gergana I',
    To: 'Todd',
    Narrative: 'Coffee',
    Amount: '0.8' },
  Row {
    Date: '24/01/2015',
    From: 'Gergana I',
    To: 'Chris W',
    Narrative: 'Coffee',
    Amount: '8.49' },
  Row {
    Date: '27/01/2015',
    From: 'Laura B',
    To: 'Tim L',
    Narrative: 'Jenkins Fees',
    Amount: '0.52' },
  Row {
    Date: '29/01/2015',
    From: 'Sam N',
    To: 'Chris W',
    Narrative: 'Lunch',
    Amount: '9.01' },
  Row {
    Date: '01/02/2015',
    From: 'Stephen S',
    To: 'Laura B',
    Narrative: 'Coffee',
    Amount: '7.53' },
  Row {
    Date: '02/02/2015',
    From: 'Stephen S',
    To: 'Rob S',
    Narrative: 'Fantasy Football',
    Amount: '7.43' },
  Row {
    Date: '04/02/2015',
    From: 'Rob S',
    To: 'Stephen S',
    Narrative: 'Fantasy Football',
    Amount: '5.78' },
  Row {
    Date: '06/02/2015',
    From: 'Dan W',
    To: 'Gergana I',
    Narrative: 'Automated Testing Services',
    Amount: '10.29' },
  Row {
    Date: '07/02/2015',
    From: 'Jon A',
    To: 'Chris W',
    Narrative: 'Rails Consultancy',
    Amount: '7.37' },
  Row {
    Date: '10/02/2015',
    From: 'Sam N',
    To: 'Gergana I',
    Narrative: 'Sandbox Help',
    Amount: '9.84' },
  Row {
    Date: '11/02/2015',
    From: 'Chris W',
    To: 'Stephen S',
    Narrative: 'Misc Morale',
    Amount: '0.68' },
  Row {
    Date: '13/02/2015',
    From: 'Laura B',
    To: 'Gergana I',
    Narrative: 'Beers',
    Amount: '6.56' },
  Row {
    Date: '16/02/2015',
    From: 'Chris W',
    To: 'Dan W',
    Narrative: 'Jenkins Fees',
    Amount: '1.28' },
  Row {
    Date: '17/02/2015',
    From: 'Sarah T',
    To: 'Dan W',
    Narrative: 'Sandbox Help',
    Amount: '11.48' },
  Row {
    Date: '18/02/2015',
    From: 'Stephen S',
    To: 'Rob S',
    Narrative: 'Lego Assistance',
    Amount: '4.83' },
  Row {
    Date: '21/02/2015',
    From: 'Dan W',
    To: 'Ben B',
    Narrative: 'Pokemon Training',
    Amount: '0.5' },
  Row {
    Date: '24/02/2015',
    From: 'Todd',
    To: 'Gergana I',
    Narrative: 'Coffee',
    Amount: '9.08' },
  Row {
    Date: '26/02/2015',
    From: 'Stephen S',
    To: 'Jon A',
    Narrative: 'Pokemon Training',
    Amount: '4.23' },
  Row {
    Date: '01/03/2015',
    From: 'Ben B',
    To: 'Sam N',
    Narrative: 'Lunch',
    Amount: 'One Cheeseburger' },
  Row {
    Date: '02/03/2015',
    From: 'Todd',
    To: 'Chris W',
    Narrative: 'Sandbox Help',
    Amount: '1.92' },
  Row {
    Date: '04/03/2015',
    From: 'Laura B',
    To: 'Jon A',
    Narrative: 'Sandcastle Help',
    Amount: '9.09' },
  Row {
    Date: '06/03/2015',
    From: 'Stephen S',
    To: 'Gergana I',
    Narrative: 'Lego Assistance',
    Amount: '9.4' },
  Row {
    Date: '08/03/2015',
    From: 'Ben B',
    To: 'Sam N',
    Narrative: 'Pokemon Training',
    Amount: '11.32' },
  Row {
    Date: '11/03/2015',
    From: 'Stephen S',
    To: 'Jon A',
    Narrative: 'Sandcastle Help',
    Amount: '11.57' },
  Row {
    Date: '15/03/2015',
    From: 'Todd',
    To: 'Sam N',
    Narrative: 'Pokemon Training',
    Amount: '2.29' },
  Row {
    Date: '19/03/2015',
    From: 'Laura B',
    To: 'Chris W',
    Narrative: 'Coffee',
    Amount: '9.96' },
  Row {
    Date: '21/03/2015',
    From: 'Jon A',
    To: 'Gergana I',
    Narrative: 'Beers',
    Amount: '7.54' },
  Row {
    Date: '25/03/2015',
    From: 'Gergana I',
    To: 'Ben B',
    Narrative: 'Automated Testing Services',
    Amount: '2.39' },
  Row {
    Date: '28/03/2015',
    From: 'Stephen S',
    To: 'Tim L',
    Narrative: 'Lunch',
    Amount: '5.83' },
  Row {
    Date: '29/03/2015',
    From: 'Gergana I',
    To: 'Ben B',
    Narrative: 'Audit and Other Financial Services',
    Amount: '10.85' },
  Row {
    Date: '30/03/2015',
    From: 'Tim L',
    To: 'Todd',
    Narrative: 'Pokemon Training',
    Amount: '8.6' },
  Row {
    Date: '02/04/2015',
    From: 'Stephen S',
    To: 'Chris W',
    Narrative: 'Pokemon Training',
    Amount: '1.11' },
  Row {
    Date: '05/04/2015',
    From: 'Chris W',
    To: 'Ben B',
    Narrative: 'Lunch',
    Amount: '0.96' },
  Row {
    Date: '09/04/2015',
    From: 'Chris W',
    To: 'Rob S',
    Narrative: 'Audit and Other Financial Services',
    Amount: '11.79' },
  Row {
    Date: '12/04/2015',
    From: 'Gergana I',
    To: 'Laura B',
    Narrative: 'Stationary Items',
    Amount: '8.37' },
  Row {
    Date: '13/04/2015',
    From: 'Laura B',
    To: 'Tim L',
    Narrative: 'Services Rendered',
    Amount: '1.27' },
  Row {
    Date: '15/04/2015',
    From: 'Ben B',
    To: 'Sam N',
    Narrative: 'Lego Assistance',
    Amount: '8.5' },
  Row {
    Date: '19/04/2015',
    From: 'Stephen S',
    To: 'Chris W',
    Narrative: 'White Water Rafting',
    Amount: '8.91' },
  Row {
    Date: '23/04/2015',
    From: 'Tim L',
    To: 'Todd',
    Narrative: 'Misc Morale',
    Amount: '8.1' },
  Row {
    Date: '24/04/2015',
    From: 'Tim L',
    To: 'Sarah T',
    Narrative: 'Arcade Social',
    Amount: '6.38' },
  Row {
    Date: '26/04/2015',
    From: 'Jon A',
    To: 'Todd',
    Narrative: 'Stationary Items',
    Amount: '8.44' },
  Row {
    Date: '27/04/2015',
    From: 'Ben B',
    To: 'Jon A',
    Narrative: 'Pokemon Training',
    Amount: '10.91' },
  Row {
    Date: 'Last Thursday',
    From: 'Sarah T',
    To: 'Dan W',
    Narrative: 'Beers',
    Amount: '5.42' } ]
[2019-07-16T15:47:24.800] [ERROR] file - NaN        Should be a number, transaction was on 01/03/2015
[2019-07-16T15:47:24.801] [ERROR] file - 28 this line was in error so was ignored
[2019-07-16T15:47:24.806] [ERROR] file - NaN        Should be a number, transaction was on 01/03/2015
[2019-07-16T15:47:24.807] [ERROR] file - 28 this line was in error so was ignored
[2019-07-16T15:47:24.810] [ERROR] file - Invalid date        Should be a date, transaction was on Last Thursday
[2019-07-16T15:47:24.811] [ERROR] file - 52 this line was in error so was ignored
[2019-07-16T15:47:24.814] [ERROR] file - Invalid date        Should be a date, transaction was on Last Thursday
[2019-07-16T15:47:24.815] [ERROR] file - 52 this line was in error so was ignored
[2019-07-16T15:47:26.314] [TRACE] file - =======END=======
[2019-07-16T15:51:27.367] [TRACE] file - =======START=======
[2019-07-16T15:51:27.393] [TRACE] file - Inputs: 
[2019-07-16T15:51:27.394] [TRACE] file - [ Row {
    Date: '01/01/2015',
    From: 'Laura B',
    To: 'Sarah T',
    Narrative: 'Misc Morale',
    Amount: '10.54' },
  Row {
    Date: '04/01/2015',
    From: 'Stephen S',
    To: 'Gergana I',
    Narrative: 'Lunch',
    Amount: '3.22' },
  Row {
    Date: '07/01/2015',
    From: 'Ben B',
    To: 'Jon A',
    Narrative: 'Fantasy Football',
    Amount: '9.93' },
  Row {
    Date: '11/01/2015',
    From: 'Ben B',
    To: 'Todd',
    Narrative: 'Lunch',
    Amount: '7.33' },
  Row {
    Date: '12/01/2015',
    From: 'Laura B',
    To: 'Ben B',
    Narrative: 'Beers',
    Amount: '8.94' },
  Row {
    Date: '15/01/2015',
    From: 'Todd',
    To: 'Rob S',
    Narrative: 'Beers',
    Amount: '10.19' },
  Row {
    Date: '16/01/2015',
    From: 'Laura B',
    To: 'Jon A',
    Narrative: 'Lego Assistance',
    Amount: '0.69' },
  Row {
    Date: '18/01/2015',
    From: 'Jon A',
    To: 'Sarah T',
    Narrative: 'Coffee',
    Amount: '10.73' },
  Row {
    Date: '22/01/2015',
    From: 'Gergana I',
    To: 'Todd',
    Narrative: 'Coffee',
    Amount: '0.8' },
  Row {
    Date: '24/01/2015',
    From: 'Gergana I',
    To: 'Chris W',
    Narrative: 'Coffee',
    Amount: '8.49' },
  Row {
    Date: '27/01/2015',
    From: 'Laura B',
    To: 'Tim L',
    Narrative: 'Jenkins Fees',
    Amount: '0.52' },
  Row {
    Date: '29/01/2015',
    From: 'Sam N',
    To: 'Chris W',
    Narrative: 'Lunch',
    Amount: '9.01' },
  Row {
    Date: '01/02/2015',
    From: 'Stephen S',
    To: 'Laura B',
    Narrative: 'Coffee',
    Amount: '7.53' },
  Row {
    Date: '02/02/2015',
    From: 'Stephen S',
    To: 'Rob S',
    Narrative: 'Fantasy Football',
    Amount: '7.43' },
  Row {
    Date: '04/02/2015',
    From: 'Rob S',
    To: 'Stephen S',
    Narrative: 'Fantasy Football',
    Amount: '5.78' },
  Row {
    Date: '06/02/2015',
    From: 'Dan W',
    To: 'Gergana I',
    Narrative: 'Automated Testing Services',
    Amount: '10.29' },
  Row {
    Date: '07/02/2015',
    From: 'Jon A',
    To: 'Chris W',
    Narrative: 'Rails Consultancy',
    Amount: '7.37' },
  Row {
    Date: '10/02/2015',
    From: 'Sam N',
    To: 'Gergana I',
    Narrative: 'Sandbox Help',
    Amount: '9.84' },
  Row {
    Date: '11/02/2015',
    From: 'Chris W',
    To: 'Stephen S',
    Narrative: 'Misc Morale',
    Amount: '0.68' },
  Row {
    Date: '13/02/2015',
    From: 'Laura B',
    To: 'Gergana I',
    Narrative: 'Beers',
    Amount: '6.56' },
  Row {
    Date: '16/02/2015',
    From: 'Chris W',
    To: 'Dan W',
    Narrative: 'Jenkins Fees',
    Amount: '1.28' },
  Row {
    Date: '17/02/2015',
    From: 'Sarah T',
    To: 'Dan W',
    Narrative: 'Sandbox Help',
    Amount: '11.48' },
  Row {
    Date: '18/02/2015',
    From: 'Stephen S',
    To: 'Rob S',
    Narrative: 'Lego Assistance',
    Amount: '4.83' },
  Row {
    Date: '21/02/2015',
    From: 'Dan W',
    To: 'Ben B',
    Narrative: 'Pokemon Training',
    Amount: '0.5' },
  Row {
    Date: '24/02/2015',
    From: 'Todd',
    To: 'Gergana I',
    Narrative: 'Coffee',
    Amount: '9.08' },
  Row {
    Date: '26/02/2015',
    From: 'Stephen S',
    To: 'Jon A',
    Narrative: 'Pokemon Training',
    Amount: '4.23' },
  Row {
    Date: '01/03/2015',
    From: 'Ben B',
    To: 'Sam N',
    Narrative: 'Lunch',
    Amount: 'One Cheeseburger' },
  Row {
    Date: '02/03/2015',
    From: 'Todd',
    To: 'Chris W',
    Narrative: 'Sandbox Help',
    Amount: '1.92' },
  Row {
    Date: '04/03/2015',
    From: 'Laura B',
    To: 'Jon A',
    Narrative: 'Sandcastle Help',
    Amount: '9.09' },
  Row {
    Date: '06/03/2015',
    From: 'Stephen S',
    To: 'Gergana I',
    Narrative: 'Lego Assistance',
    Amount: '9.4' },
  Row {
    Date: '08/03/2015',
    From: 'Ben B',
    To: 'Sam N',
    Narrative: 'Pokemon Training',
    Amount: '11.32' },
  Row {
    Date: '11/03/2015',
    From: 'Stephen S',
    To: 'Jon A',
    Narrative: 'Sandcastle Help',
    Amount: '11.57' },
  Row {
    Date: '15/03/2015',
    From: 'Todd',
    To: 'Sam N',
    Narrative: 'Pokemon Training',
    Amount: '2.29' },
  Row {
    Date: '19/03/2015',
    From: 'Laura B',
    To: 'Chris W',
    Narrative: 'Coffee',
    Amount: '9.96' },
  Row {
    Date: '21/03/2015',
    From: 'Jon A',
    To: 'Gergana I',
    Narrative: 'Beers',
    Amount: '7.54' },
  Row {
    Date: '25/03/2015',
    From: 'Gergana I',
    To: 'Ben B',
    Narrative: 'Automated Testing Services',
    Amount: '2.39' },
  Row {
    Date: '28/03/2015',
    From: 'Stephen S',
    To: 'Tim L',
    Narrative: 'Lunch',
    Amount: '5.83' },
  Row {
    Date: '29/03/2015',
    From: 'Gergana I',
    To: 'Ben B',
    Narrative: 'Audit and Other Financial Services',
    Amount: '10.85' },
  Row {
    Date: '30/03/2015',
    From: 'Tim L',
    To: 'Todd',
    Narrative: 'Pokemon Training',
    Amount: '8.6' },
  Row {
    Date: '02/04/2015',
    From: 'Stephen S',
    To: 'Chris W',
    Narrative: 'Pokemon Training',
    Amount: '1.11' },
  Row {
    Date: '05/04/2015',
    From: 'Chris W',
    To: 'Ben B',
    Narrative: 'Lunch',
    Amount: '0.96' },
  Row {
    Date: '09/04/2015',
    From: 'Chris W',
    To: 'Rob S',
    Narrative: 'Audit and Other Financial Services',
    Amount: '11.79' },
  Row {
    Date: '12/04/2015',
    From: 'Gergana I',
    To: 'Laura B',
    Narrative: 'Stationary Items',
    Amount: '8.37' },
  Row {
    Date: '13/04/2015',
    From: 'Laura B',
    To: 'Tim L',
    Narrative: 'Services Rendered',
    Amount: '1.27' },
  Row {
    Date: '15/04/2015',
    From: 'Ben B',
    To: 'Sam N',
    Narrative: 'Lego Assistance',
    Amount: '8.5' },
  Row {
    Date: '19/04/2015',
    From: 'Stephen S',
    To: 'Chris W',
    Narrative: 'White Water Rafting',
    Amount: '8.91' },
  Row {
    Date: '23/04/2015',
    From: 'Tim L',
    To: 'Todd',
    Narrative: 'Misc Morale',
    Amount: '8.1' },
  Row {
    Date: '24/04/2015',
    From: 'Tim L',
    To: 'Sarah T',
    Narrative: 'Arcade Social',
    Amount: '6.38' },
  Row {
    Date: '26/04/2015',
    From: 'Jon A',
    To: 'Todd',
    Narrative: 'Stationary Items',
    Amount: '8.44' },
  Row {
    Date: '27/04/2015',
    From: 'Ben B',
    To: 'Jon A',
    Narrative: 'Pokemon Training',
    Amount: '10.91' },
  Row {
    Date: 'Last Thursday',
    From: 'Sarah T',
    To: 'Dan W',
    Narrative: 'Beers',
    Amount: '5.42' } ]
[2019-07-16T15:51:27.407] [ERROR] file - NaN        Should be a number, transaction was on 01/03/2015
[2019-07-16T15:51:27.408] [ERROR] file - 28 this line was in error so was ignored
[2019-07-16T15:51:27.416] [ERROR] file - NaN        Should be a number, transaction was on 01/03/2015
[2019-07-16T15:51:27.417] [ERROR] file - 28 this line was in error so was ignored
[2019-07-16T15:51:27.421] [ERROR] file - Invalid date        Should be a date, transaction was on Last Thursday
[2019-07-16T15:51:27.422] [ERROR] file - 52 this line was in error so was ignored
[2019-07-16T15:51:27.427] [ERROR] file - Invalid date        Should be a date, transaction was on Last Thursday
[2019-07-16T15:51:27.428] [ERROR] file - 52 this line was in error so was ignored
[2019-07-16T15:51:32.489] [TRACE] file - =======END=======
[2019-07-16T15:53:31.941] [TRACE] file - =======START=======
[2019-07-16T15:53:31.966] [TRACE] file - Inputs: 
[2019-07-16T15:53:31.968] [TRACE] file - [ Row {
    Date: '01/01/2015',
    From: 'Laura B',
    To: 'Sarah T',
    Narrative: 'Misc Morale',
    Amount: '10.54' },
  Row {
    Date: '04/01/2015',
    From: 'Stephen S',
    To: 'Gergana I',
    Narrative: 'Lunch',
    Amount: '3.22' },
  Row {
    Date: '07/01/2015',
    From: 'Ben B',
    To: 'Jon A',
    Narrative: 'Fantasy Football',
    Amount: '9.93' },
  Row {
    Date: '11/01/2015',
    From: 'Ben B',
    To: 'Todd',
    Narrative: 'Lunch',
    Amount: '7.33' },
  Row {
    Date: '12/01/2015',
    From: 'Laura B',
    To: 'Ben B',
    Narrative: 'Beers',
    Amount: '8.94' },
  Row {
    Date: '15/01/2015',
    From: 'Todd',
    To: 'Rob S',
    Narrative: 'Beers',
    Amount: '10.19' },
  Row {
    Date: '16/01/2015',
    From: 'Laura B',
    To: 'Jon A',
    Narrative: 'Lego Assistance',
    Amount: '0.69' },
  Row {
    Date: '18/01/2015',
    From: 'Jon A',
    To: 'Sarah T',
    Narrative: 'Coffee',
    Amount: '10.73' },
  Row {
    Date: '22/01/2015',
    From: 'Gergana I',
    To: 'Todd',
    Narrative: 'Coffee',
    Amount: '0.8' },
  Row {
    Date: '24/01/2015',
    From: 'Gergana I',
    To: 'Chris W',
    Narrative: 'Coffee',
    Amount: '8.49' },
  Row {
    Date: '27/01/2015',
    From: 'Laura B',
    To: 'Tim L',
    Narrative: 'Jenkins Fees',
    Amount: '0.52' },
  Row {
    Date: '29/01/2015',
    From: 'Sam N',
    To: 'Chris W',
    Narrative: 'Lunch',
    Amount: '9.01' },
  Row {
    Date: '01/02/2015',
    From: 'Stephen S',
    To: 'Laura B',
    Narrative: 'Coffee',
    Amount: '7.53' },
  Row {
    Date: '02/02/2015',
    From: 'Stephen S',
    To: 'Rob S',
    Narrative: 'Fantasy Football',
    Amount: '7.43' },
  Row {
    Date: '04/02/2015',
    From: 'Rob S',
    To: 'Stephen S',
    Narrative: 'Fantasy Football',
    Amount: '5.78' },
  Row {
    Date: '06/02/2015',
    From: 'Dan W',
    To: 'Gergana I',
    Narrative: 'Automated Testing Services',
    Amount: '10.29' },
  Row {
    Date: '07/02/2015',
    From: 'Jon A',
    To: 'Chris W',
    Narrative: 'Rails Consultancy',
    Amount: '7.37' },
  Row {
    Date: '10/02/2015',
    From: 'Sam N',
    To: 'Gergana I',
    Narrative: 'Sandbox Help',
    Amount: '9.84' },
  Row {
    Date: '11/02/2015',
    From: 'Chris W',
    To: 'Stephen S',
    Narrative: 'Misc Morale',
    Amount: '0.68' },
  Row {
    Date: '13/02/2015',
    From: 'Laura B',
    To: 'Gergana I',
    Narrative: 'Beers',
    Amount: '6.56' },
  Row {
    Date: '16/02/2015',
    From: 'Chris W',
    To: 'Dan W',
    Narrative: 'Jenkins Fees',
    Amount: '1.28' },
  Row {
    Date: '17/02/2015',
    From: 'Sarah T',
    To: 'Dan W',
    Narrative: 'Sandbox Help',
    Amount: '11.48' },
  Row {
    Date: '18/02/2015',
    From: 'Stephen S',
    To: 'Rob S',
    Narrative: 'Lego Assistance',
    Amount: '4.83' },
  Row {
    Date: '21/02/2015',
    From: 'Dan W',
    To: 'Ben B',
    Narrative: 'Pokemon Training',
    Amount: '0.5' },
  Row {
    Date: '24/02/2015',
    From: 'Todd',
    To: 'Gergana I',
    Narrative: 'Coffee',
    Amount: '9.08' },
  Row {
    Date: '26/02/2015',
    From: 'Stephen S',
    To: 'Jon A',
    Narrative: 'Pokemon Training',
    Amount: '4.23' },
  Row {
    Date: '01/03/2015',
    From: 'Ben B',
    To: 'Sam N',
    Narrative: 'Lunch',
    Amount: 'One Cheeseburger' },
  Row {
    Date: '02/03/2015',
    From: 'Todd',
    To: 'Chris W',
    Narrative: 'Sandbox Help',
    Amount: '1.92' },
  Row {
    Date: '04/03/2015',
    From: 'Laura B',
    To: 'Jon A',
    Narrative: 'Sandcastle Help',
    Amount: '9.09' },
  Row {
    Date: '06/03/2015',
    From: 'Stephen S',
    To: 'Gergana I',
    Narrative: 'Lego Assistance',
    Amount: '9.4' },
  Row {
    Date: '08/03/2015',
    From: 'Ben B',
    To: 'Sam N',
    Narrative: 'Pokemon Training',
    Amount: '11.32' },
  Row {
    Date: '11/03/2015',
    From: 'Stephen S',
    To: 'Jon A',
    Narrative: 'Sandcastle Help',
    Amount: '11.57' },
  Row {
    Date: '15/03/2015',
    From: 'Todd',
    To: 'Sam N',
    Narrative: 'Pokemon Training',
    Amount: '2.29' },
  Row {
    Date: '19/03/2015',
    From: 'Laura B',
    To: 'Chris W',
    Narrative: 'Coffee',
    Amount: '9.96' },
  Row {
    Date: '21/03/2015',
    From: 'Jon A',
    To: 'Gergana I',
    Narrative: 'Beers',
    Amount: '7.54' },
  Row {
    Date: '25/03/2015',
    From: 'Gergana I',
    To: 'Ben B',
    Narrative: 'Automated Testing Services',
    Amount: '2.39' },
  Row {
    Date: '28/03/2015',
    From: 'Stephen S',
    To: 'Tim L',
    Narrative: 'Lunch',
    Amount: '5.83' },
  Row {
    Date: '29/03/2015',
    From: 'Gergana I',
    To: 'Ben B',
    Narrative: 'Audit and Other Financial Services',
    Amount: '10.85' },
  Row {
    Date: '30/03/2015',
    From: 'Tim L',
    To: 'Todd',
    Narrative: 'Pokemon Training',
    Amount: '8.6' },
  Row {
    Date: '02/04/2015',
    From: 'Stephen S',
    To: 'Chris W',
    Narrative: 'Pokemon Training',
    Amount: '1.11' },
  Row {
    Date: '05/04/2015',
    From: 'Chris W',
    To: 'Ben B',
    Narrative: 'Lunch',
    Amount: '0.96' },
  Row {
    Date: '09/04/2015',
    From: 'Chris W',
    To: 'Rob S',
    Narrative: 'Audit and Other Financial Services',
    Amount: '11.79' },
  Row {
    Date: '12/04/2015',
    From: 'Gergana I',
    To: 'Laura B',
    Narrative: 'Stationary Items',
    Amount: '8.37' },
  Row {
    Date: '13/04/2015',
    From: 'Laura B',
    To: 'Tim L',
    Narrative: 'Services Rendered',
    Amount: '1.27' },
  Row {
    Date: '15/04/2015',
    From: 'Ben B',
    To: 'Sam N',
    Narrative: 'Lego Assistance',
    Amount: '8.5' },
  Row {
    Date: '19/04/2015',
    From: 'Stephen S',
    To: 'Chris W',
    Narrative: 'White Water Rafting',
    Amount: '8.91' },
  Row {
    Date: '23/04/2015',
    From: 'Tim L',
    To: 'Todd',
    Narrative: 'Misc Morale',
    Amount: '8.1' },
  Row {
    Date: '24/04/2015',
    From: 'Tim L',
    To: 'Sarah T',
    Narrative: 'Arcade Social',
    Amount: '6.38' },
  Row {
    Date: '26/04/2015',
    From: 'Jon A',
    To: 'Todd',
    Narrative: 'Stationary Items',
    Amount: '8.44' },
  Row {
    Date: '27/04/2015',
    From: 'Ben B',
    To: 'Jon A',
    Narrative: 'Pokemon Training',
    Amount: '10.91' },
  Row {
    Date: 'Last Thursday',
    From: 'Sarah T',
    To: 'Dan W',
    Narrative: 'Beers',
    Amount: '5.42' } ]
[2019-07-16T15:53:31.980] [ERROR] file - NaN        Should be a number, transaction was on 01/03/2015
[2019-07-16T15:53:31.981] [ERROR] file - 27 this line was in error so was ignored
[2019-07-16T15:53:31.986] [ERROR] file - NaN        Should be a number, transaction was on 01/03/2015
[2019-07-16T15:53:31.987] [ERROR] file - 27 this line was in error so was ignored
[2019-07-16T15:53:31.990] [ERROR] file - Invalid date        Should be a date, transaction was on Last Thursday
[2019-07-16T15:53:31.990] [ERROR] file - 51 this line was in error so was ignored
[2019-07-16T15:53:31.993] [ERROR] file - Invalid date        Should be a date, transaction was on Last Thursday
[2019-07-16T15:53:31.994] [ERROR] file - 51 this line was in error so was ignored
[2019-07-16T15:53:36.230] [TRACE] file - =======END=======
[2019-07-16T16:02:21.121] [TRACE] file - =======START=======
[2019-07-16T16:02:21.146] [TRACE] file - Inputs: 
[2019-07-16T16:02:21.147] [TRACE] file - [ Row {
    Date: '01/01/2015',
    From: 'Laura B',
    To: 'Sarah T',
    Narrative: 'Misc Morale',
    Amount: '10.54' },
  Row {
    Date: '04/01/2015',
    From: 'Stephen S',
    To: 'Gergana I',
    Narrative: 'Lunch',
    Amount: '3.22' },
  Row {
    Date: '07/01/2015',
    From: 'Ben B',
    To: 'Jon A',
    Narrative: 'Fantasy Football',
    Amount: '9.93' },
  Row {
    Date: '11/01/2015',
    From: 'Ben B',
    To: 'Todd',
    Narrative: 'Lunch',
    Amount: '7.33' },
  Row {
    Date: '12/01/2015',
    From: 'Laura B',
    To: 'Ben B',
    Narrative: 'Beers',
    Amount: '8.94' },
  Row {
    Date: '15/01/2015',
    From: 'Todd',
    To: 'Rob S',
    Narrative: 'Beers',
    Amount: '10.19' },
  Row {
    Date: '16/01/2015',
    From: 'Laura B',
    To: 'Jon A',
    Narrative: 'Lego Assistance',
    Amount: '0.69' },
  Row {
    Date: '18/01/2015',
    From: 'Jon A',
    To: 'Sarah T',
    Narrative: 'Coffee',
    Amount: '10.73' },
  Row {
    Date: '22/01/2015',
    From: 'Gergana I',
    To: 'Todd',
    Narrative: 'Coffee',
    Amount: '0.8' },
  Row {
    Date: '24/01/2015',
    From: 'Gergana I',
    To: 'Chris W',
    Narrative: 'Coffee',
    Amount: '8.49' },
  Row {
    Date: '27/01/2015',
    From: 'Laura B',
    To: 'Tim L',
    Narrative: 'Jenkins Fees',
    Amount: '0.52' },
  Row {
    Date: '29/01/2015',
    From: 'Sam N',
    To: 'Chris W',
    Narrative: 'Lunch',
    Amount: '9.01' },
  Row {
    Date: '01/02/2015',
    From: 'Stephen S',
    To: 'Laura B',
    Narrative: 'Coffee',
    Amount: '7.53' },
  Row {
    Date: '02/02/2015',
    From: 'Stephen S',
    To: 'Rob S',
    Narrative: 'Fantasy Football',
    Amount: '7.43' },
  Row {
    Date: '04/02/2015',
    From: 'Rob S',
    To: 'Stephen S',
    Narrative: 'Fantasy Football',
    Amount: '5.78' },
  Row {
    Date: '06/02/2015',
    From: 'Dan W',
    To: 'Gergana I',
    Narrative: 'Automated Testing Services',
    Amount: '10.29' },
  Row {
    Date: '07/02/2015',
    From: 'Jon A',
    To: 'Chris W',
    Narrative: 'Rails Consultancy',
    Amount: '7.37' },
  Row {
    Date: '10/02/2015',
    From: 'Sam N',
    To: 'Gergana I',
    Narrative: 'Sandbox Help',
    Amount: '9.84' },
  Row {
    Date: '11/02/2015',
    From: 'Chris W',
    To: 'Stephen S',
    Narrative: 'Misc Morale',
    Amount: '0.68' },
  Row {
    Date: '13/02/2015',
    From: 'Laura B',
    To: 'Gergana I',
    Narrative: 'Beers',
    Amount: '6.56' },
  Row {
    Date: '16/02/2015',
    From: 'Chris W',
    To: 'Dan W',
    Narrative: 'Jenkins Fees',
    Amount: '1.28' },
  Row {
    Date: '17/02/2015',
    From: 'Sarah T',
    To: 'Dan W',
    Narrative: 'Sandbox Help',
    Amount: '11.48' },
  Row {
    Date: '18/02/2015',
    From: 'Stephen S',
    To: 'Rob S',
    Narrative: 'Lego Assistance',
    Amount: '4.83' },
  Row {
    Date: '21/02/2015',
    From: 'Dan W',
    To: 'Ben B',
    Narrative: 'Pokemon Training',
    Amount: '0.5' },
  Row {
    Date: '24/02/2015',
    From: 'Todd',
    To: 'Gergana I',
    Narrative: 'Coffee',
    Amount: '9.08' },
  Row {
    Date: '26/02/2015',
    From: 'Stephen S',
    To: 'Jon A',
    Narrative: 'Pokemon Training',
    Amount: '4.23' },
  Row {
    Date: '01/03/2015',
    From: 'Ben B',
    To: 'Sam N',
    Narrative: 'Lunch',
    Amount: 'One Cheeseburger' },
  Row {
    Date: '02/03/2015',
    From: 'Todd',
    To: 'Chris W',
    Narrative: 'Sandbox Help',
    Amount: '1.92' },
  Row {
    Date: '04/03/2015',
    From: 'Laura B',
    To: 'Jon A',
    Narrative: 'Sandcastle Help',
    Amount: '9.09' },
  Row {
    Date: '06/03/2015',
    From: 'Stephen S',
    To: 'Gergana I',
    Narrative: 'Lego Assistance',
    Amount: '9.4' },
  Row {
    Date: '08/03/2015',
    From: 'Ben B',
    To: 'Sam N',
    Narrative: 'Pokemon Training',
    Amount: '11.32' },
  Row {
    Date: '11/03/2015',
    From: 'Stephen S',
    To: 'Jon A',
    Narrative: 'Sandcastle Help',
    Amount: '11.57' },
  Row {
    Date: '15/03/2015',
    From: 'Todd',
    To: 'Sam N',
    Narrative: 'Pokemon Training',
    Amount: '2.29' },
  Row {
    Date: '19/03/2015',
    From: 'Laura B',
    To: 'Chris W',
    Narrative: 'Coffee',
    Amount: '9.96' },
  Row {
    Date: '21/03/2015',
    From: 'Jon A',
    To: 'Gergana I',
    Narrative: 'Beers',
    Amount: '7.54' },
  Row {
    Date: '25/03/2015',
    From: 'Gergana I',
    To: 'Ben B',
    Narrative: 'Automated Testing Services',
    Amount: '2.39' },
  Row {
    Date: '28/03/2015',
    From: 'Stephen S',
    To: 'Tim L',
    Narrative: 'Lunch',
    Amount: '5.83' },
  Row {
    Date: '29/03/2015',
    From: 'Gergana I',
    To: 'Ben B',
    Narrative: 'Audit and Other Financial Services',
    Amount: '10.85' },
  Row {
    Date: '30/03/2015',
    From: 'Tim L',
    To: 'Todd',
    Narrative: 'Pokemon Training',
    Amount: '8.6' },
  Row {
    Date: '02/04/2015',
    From: 'Stephen S',
    To: 'Chris W',
    Narrative: 'Pokemon Training',
    Amount: '1.11' },
  Row {
    Date: '05/04/2015',
    From: 'Chris W',
    To: 'Ben B',
    Narrative: 'Lunch',
    Amount: '0.96' },
  Row {
    Date: '09/04/2015',
    From: 'Chris W',
    To: 'Rob S',
    Narrative: 'Audit and Other Financial Services',
    Amount: '11.79' },
  Row {
    Date: '12/04/2015',
    From: 'Gergana I',
    To: 'Laura B',
    Narrative: 'Stationary Items',
    Amount: '8.37' },
  Row {
    Date: '13/04/2015',
    From: 'Laura B',
    To: 'Tim L',
    Narrative: 'Services Rendered',
    Amount: '1.27' },
  Row {
    Date: '15/04/2015',
    From: 'Ben B',
    To: 'Sam N',
    Narrative: 'Lego Assistance',
    Amount: '8.5' },
  Row {
    Date: '19/04/2015',
    From: 'Stephen S',
    To: 'Chris W',
    Narrative: 'White Water Rafting',
    Amount: '8.91' },
  Row {
    Date: '23/04/2015',
    From: 'Tim L',
    To: 'Todd',
    Narrative: 'Misc Morale',
    Amount: '8.1' },
  Row {
    Date: '24/04/2015',
    From: 'Tim L',
    To: 'Sarah T',
    Narrative: 'Arcade Social',
    Amount: '6.38' },
  Row {
    Date: '26/04/2015',
    From: 'Jon A',
    To: 'Todd',
    Narrative: 'Stationary Items',
    Amount: '8.44' },
  Row {
    Date: '27/04/2015',
    From: 'Ben B',
    To: 'Jon A',
    Narrative: 'Pokemon Training',
    Amount: '10.91' },
  Row {
    Date: 'Last Thursday',
    From: 'Sarah T',
    To: 'Dan W',
    Narrative: 'Beers',
    Amount: '5.42' } ]
[2019-07-16T16:02:21.159] [ERROR] file - NaN        Should be a number, transaction was on 01/03/2015
[2019-07-16T16:02:21.160] [ERROR] file - 27 this line was in error so was ignored
[2019-07-16T16:02:21.165] [ERROR] file - NaN        Should be a number, transaction was on 01/03/2015
[2019-07-16T16:02:21.167] [ERROR] file - 27 this line was in error so was ignored
[2019-07-16T16:02:21.169] [ERROR] file - Invalid date        Should be a date, transaction was on Last Thursday
[2019-07-16T16:02:21.170] [ERROR] file - 51 this line was in error so was ignored
[2019-07-16T16:02:21.172] [ERROR] file - Invalid date        Should be a date, transaction was on Last Thursday
[2019-07-16T16:02:21.173] [ERROR] file - 51 this line was in error so was ignored
[2019-07-16T16:02:23.760] [TRACE] file - =======END=======
